parser = argparse.ArgumentParser()
parser.add_argument('--t0', type=int, default=0, help='temps initial')
parser.add_argument('--t_final', type=int, default=1, help='temps final')
parser.add_argument('--N', type=int, default=20, help='Number of time step')
parser.add_argument('--dim', type=int, default=50, help='dimension')
parser.add_argument('--num_samples_hjb', type=int, default=512, help='Number of Samples for training HJB')
parser.add_argument('--num_samples_mfg', type=int, default=512, help='Number of Samples for training MFG')
parser.add_argument('--num_samples_bvp', type=int, default=512, help='Number of Samples for  BVP')
parser.add_argument('--num_samples_gen', type=int, default=512, help='Number of Samples for training Generator')
parser.add_argument('--num_samples_conv', type=int, default=512, help='Number of Samples for compute convolution')
parser.add_argument('--num_points_test', type=int, default=100000)
parser.add_argument('--Max_Round', type=float, default=1, help='Number of Round')
parser.add_argument('--num_epoch_hjb', type=float, default=1000, help='Number of training iterations for approximate HJB')
parser.add_argument('--num_epoch_mfg', type=float, default=3000, help='Number of training iterations for approximate MFG')
parser.add_argument('--num_epoch_v', type=float, default=5000, help='Number of training iterations for approximate V')
parser.add_argument('--num_epoch_gen', type=float, default=3000, help='Number of training iterations for approximate GEN')
parser.add_argument('--freq', type=float, default=1000)
parser.add_argument('--ns_v', default=128, help='Network size of V_net')
parser.add_argument('--ns_g', default=128, help='Network sizeof G_net')
parser.add_argument('--lr', default=1e-3, help='learning rate of MFG')
parser.add_argument('--lr_v', default=1e-4, help='learning rate of V')
parser.add_argument('--lr_v2', default=1e-4, help='learning rate of V')
parser.add_argument('--lr_g', default=1e-4, help='learning rate of G')
parser.add_argument('--betas', default=(0.5, 0.9), help='Adam only')
parser.add_argument('--weight_decay',default=0*1e-3)
parser.add_argument('--act_func_v',default= lambda x: torch.tanh(x), help='Activation function for v')
parser.add_argument('--act_func_g',default= lambda x: torch.relu(x), help='Activation function for g')
parser.add_argument('--hh', default=0.5, help='ResNet step-size')
args = parser.parse_args()


Round:  0 \n

 Computing The Best Response 0: 

Approximate solution of MFG 

Starting Joint Training of V and G (MFG)...
Iteration 0: Loss_HJB = 1.1500e+03, Loss_ODE = 1.8254e-01
Iteration 1000: Loss_HJB = 1.7716e+01, Loss_ODE = 7.5259e-04
Iteration 2000: Loss_HJB = 1.9284e+01, Loss_ODE = 8.2309e-05
Iteration 3000: Loss_HJB = 1.8527e+01, Loss_ODE = 4.7167e-05


Time t = 0.0
  Relative L2 Error    = 3.3522e-01
  Relative Linf Error  = 4.7495e-01

Time t = 0.5
  Relative L2 Error    = 1.5299e-01
  Relative Linf Error  = 3.1676e-01

Time t = 1.0
  Relative L2 Error    = 0.0000e+00
  Relative Linf Error  = 0.0000e+00

Precomputing precise mean with 20000 particles...
Generating data_OC (ThreadPool, N=512)...
16 workers will be used.

Generated 45113 data from 512/512 BVP solutions in 132.9 sec
  → Speed: 3.9 BVP/sec, 340 points/sec

Approximate solution of BVP 

Iteration 0: Loss_V = 4.9703e+01, Loss_V_x = 2.1367e-01, Loss_HJB = 1.7914e+01, Loss_total = 5.1708e+01
Iteration 1000: Loss_V = 2.1763e+00, Loss_V_x = 5.0642e-01, Loss_HJB = 3.2815e+01, Loss_total = 5.9643e+00
Iteration 2000: Loss_V = 9.2053e-01, Loss_V_x = 6.6364e-01, Loss_HJB = 1.3162e+01, Loss_total = 2.9004e+00
Iteration 3000: Loss_V = 5.0901e-01, Loss_V_x = 5.6555e-01, Loss_HJB = 9.2167e+00, Loss_total = 1.9962e+00
Iteration 4000: Loss_V = 2.0575e-01, Loss_V_x = 4.1962e-01, Loss_HJB = 5.4909e+00, Loss_total = 1.1745e+00
Iteration 5000: Loss_V = 6.5891e-02, Loss_V_x = 2.7128e-01, Loss_HJB = 1.2061e+00, Loss_total = 4.5778e-01


Generating data_MFG...
Generated 10752 data from 512 IVP solutions in 38.2 sec 

Iteration 0:  Loss_G = 1.2911e-02,  Loss_ODE = 6.2024e-02,  Loss_total = 1.9113e-02
Iteration 1000:  Loss_G = 1.8285e-03,  Loss_ODE = 1.8938e-02,  Loss_total = 3.7223e-03
Iteration 2000:  Loss_G = 1.5381e-03,  Loss_ODE = 1.5415e-02,  Loss_total = 3.0796e-03
Iteration 3000:  Loss_G = 1.2891e-03,  Loss_ODE = 1.2779e-02,  Loss_total = 2.5670e-03


Time t = 0.0
  Relative L2 Error    = 2.4653e-01
  Relative Linf Error  = 9.0023e-01

Time t = 0.5
  Relative L2 Error    = 3.6490e-01
  Relative Linf Error  = 8.8847e-01

Time t = 1.0
  Relative L2 Error    = 0.0000e+00
  Relative Linf Error  = 0.0000e+00

k  0 │ L1=3.562e+00 │ L2=8.447e-01 │ L∞=2.462e-01

Find alpha1

Precomputing precise mean with 20000 particles...
Generating data_OC (ThreadPool, N=512)...
16 workers will be used.

Generated 247181 data from 512/512 BVP solutions in 827.8 sec
  → Speed: 0.6 BVP/sec, 299 points/sec

Approximate solution of BVP 

Iteration 0: Loss_V = 1.3465e+02, Loss_V_x = 2.0638e-01, Loss_total = 1.3485e+02
Iteration 1000: Loss_V = 7.5525e+00, Loss_V_x = 2.0861e-01, Loss_total = 7.7611e+00
Iteration 2000: Loss_V = 5.4709e+00, Loss_V_x = 2.1683e-01, Loss_total = 5.6877e+00
Iteration 3000: Loss_V = 5.1978e+00, Loss_V_x = 2.2970e-01, Loss_total = 5.4275e+00
Iteration 4000: Loss_V = 1.9377e+00, Loss_V_x = 3.1936e-01, Loss_total = 2.2570e+00
Iteration 5000: Loss_V = 7.4710e-01, Loss_V_x = 3.5600e-01, Loss_total = 1.1031e+00


The Exploitibility is : 22.064504146575928

 Computing The Best Response 1: 

Precomputing precise mean with 20000 particles...
Generating data_OC (ThreadPool, N=512)...
16 workers will be used.

Generated 204672 data from 512/512 BVP solutions in 643.1 sec
  → Speed: 0.8 BVP/sec, 318 points/sec

Approximate solution of BVP 

Iteration 0: Loss_V = 8.0534e+00, Loss_V_x = 4.3534e-01, Loss_HJB = 1.8533e+02, Loss_total = 2.7022e+01
Iteration 1000: Loss_V = 4.7134e-01, Loss_V_x = 4.1360e-01, Loss_HJB = 3.9728e+00, Loss_total = 1.2822e+00
Iteration 2000: Loss_V = 1.4600e-01, Loss_V_x = 3.5782e-01, Loss_HJB = 7.2358e-01, Loss_total = 5.7618e-01
Iteration 3000: Loss_V = 1.3436e-01, Loss_V_x = 3.1461e-01, Loss_HJB = 3.6535e-01, Loss_total = 4.8551e-01
Iteration 4000: Loss_V = 9.9947e-02, Loss_V_x = 2.7557e-01, Loss_HJB = 1.9426e-01, Loss_total = 3.9494e-01
Iteration 5000: Loss_V = 8.5419e-02, Loss_V_x = 2.4444e-01, Loss_HJB = 6.6580e-02, Loss_total = 3.3651e-01


Generating data_MFG...
Generated 10752 data from 512 IVP solutions in 35.0 sec 

Iteration 0:  Loss_G = 7.8320e-03,  Loss_ODE = 3.3001e-02,  Loss_total = 1.1132e-02
Iteration 1000:  Loss_G = 4.1754e-04,  Loss_ODE = 4.8215e-03,  Loss_total = 8.9969e-04
Iteration 2000:  Loss_G = 3.7523e-04,  Loss_ODE = 4.4568e-03,  Loss_total = 8.2091e-04
Iteration 3000:  Loss_G = 3.4102e-04,  Loss_ODE = 3.9517e-03,  Loss_total = 7.3618e-04


Time t = 0.0
  Relative L2 Error    = 1.4730e-01
  Relative Linf Error  = 4.1150e-01

Time t = 0.5
  Relative L2 Error    = 2.3916e-01
  Relative Linf Error  = 5.4203e-01

Time t = 1.0
  Relative L2 Error    = 0.0000e+00
  Relative Linf Error  = 0.0000e+00

k  1 │ L1=1.684e+00 │ L2=3.977e-01 │ L∞=1.178e-01

Find alpha1

Precomputing precise mean with 20000 particles...
Generating data_OC (ThreadPool, N=512)...
16 workers will be used.

Generated 226650 data from 512/512 BVP solutions in 683.4 sec
  → Speed: 0.7 BVP/sec, 332 points/sec

Approximate solution of BVP 

Iteration 0: Loss_V = 9.9230e+00, Loss_V_x = 4.8505e-01, Loss_total = 1.0408e+01
Iteration 1000: Loss_V = 7.9964e-01, Loss_V_x = 4.9805e-01, Loss_total = 1.2977e+00
Iteration 2000: Loss_V = 2.1803e-01, Loss_V_x = 3.9924e-01, Loss_total = 6.1727e-01
Iteration 3000: Loss_V = 9.9155e-02, Loss_V_x = 3.1148e-01, Loss_total = 4.1063e-01
Iteration 4000: Loss_V = 4.9174e-02, Loss_V_x = 2.4425e-01, Loss_total = 2.9342e-01
Iteration 5000: Loss_V = 2.1493e-02, Loss_V_x = 1.8747e-01, Loss_total = 2.0896e-01


The Exploitibility is : 11.904276609420776

 Computing The Best Response 2: 

Precomputing precise mean with 20000 particles...
Generating data_OC (ThreadPool, N=512)...
16 workers will be used.

Generated 204095 data from 512/512 BVP solutions in 611.6 sec
  → Speed: 0.8 BVP/sec, 334 points/sec

Approximate solution of BVP 

Iteration 0: Loss_V = 5.3876e+00, Loss_V_x = 2.6880e-01, Loss_HJB = 5.6175e+01, Loss_total = 1.1274e+01
Iteration 1000: Loss_V = 1.4025e-01, Loss_V_x = 2.5226e-01, Loss_HJB = 1.2099e-01, Loss_total = 4.0461e-01
Iteration 2000: Loss_V = 8.2306e-02, Loss_V_x = 2.1705e-01, Loss_HJB = 6.7857e-02, Loss_total = 3.0614e-01
Iteration 3000: Loss_V = 5.4647e-02, Loss_V_x = 1.9261e-01, Loss_HJB = 2.9210e-02, Loss_total = 2.5018e-01
Iteration 4000: Loss_V = 3.7804e-02, Loss_V_x = 1.7068e-01, Loss_HJB = 1.2599e-02, Loss_total = 2.0974e-01
Iteration 5000: Loss_V = 3.0782e-02, Loss_V_x = 1.5397e-01, Loss_HJB = 9.0155e-03, Loss_total = 1.8566e-01


Generating data_MFG...
Generated 10752 data from 512 IVP solutions in 37.0 sec 

Iteration 0:  Loss_G = 3.5730e-03,  Loss_ODE = 1.3387e-02,  Loss_total = 4.9117e-03
Iteration 1000:  Loss_G = 1.2130e-04,  Loss_ODE = 1.5343e-03,  Loss_total = 2.7472e-04
Iteration 2000:  Loss_G = 1.0674e-04,  Loss_ODE = 1.2929e-03,  Loss_total = 2.3603e-04
Iteration 3000:  Loss_G = 9.8809e-05,  Loss_ODE = 1.1777e-03,  Loss_total = 2.1658e-04


Time t = 0.0
  Relative L2 Error    = 1.3007e-01
  Relative Linf Error  = 3.2561e-01

Time t = 0.5
  Relative L2 Error    = 1.9037e-01
  Relative Linf Error  = 4.1837e-01

Time t = 1.0
  Relative L2 Error    = 0.0000e+00
  Relative Linf Error  = 0.0000e+00

k  2 │ L1=1.186e+00 │ L2=2.802e-01 │ L∞=8.057e-02

Find alpha1

Precomputing precise mean with 20000 particles...
Generating data_OC (ThreadPool, N=512)...
16 workers will be used.

Generated 209048 data from 512/512 BVP solutions in 641.1 sec
  → Speed: 0.8 BVP/sec, 326 points/sec

Approximate solution of BVP 

Iteration 0: Loss_V = 4.6308e+00, Loss_V_x = 2.3197e-01, Loss_total = 4.8628e+00
Iteration 1000: Loss_V = 1.0840e-01, Loss_V_x = 2.4539e-01, Loss_total = 3.5379e-01
Iteration 2000: Loss_V = 3.6778e-02, Loss_V_x = 1.8297e-01, Loss_total = 2.1975e-01
Iteration 3000: Loss_V = 1.4749e-02, Loss_V_x = 1.3653e-01, Loss_total = 1.5128e-01
Iteration 4000: Loss_V = 6.4805e-03, Loss_V_x = 9.6490e-02, Loss_total = 1.0297e-01
Iteration 5000: Loss_V = 3.7301e-03, Loss_V_x = 6.3257e-02, Loss_total = 6.6987e-02


The Exploitibility is : 5.451314449310303

 Computing The Best Response 3: 

Precomputing precise mean with 20000 particles...
Generating data_OC (ThreadPool, N=512)...
16 workers will be used.

Generated 190398 data from 512/512 BVP solutions in 541.6 sec
  → Speed: 0.9 BVP/sec, 352 points/sec

Approximate solution of BVP 

Iteration 0: Loss_V = 3.1104e+00, Loss_V_x = 1.6904e-01, Loss_HJB = 4.0540e+01, Loss_total = 7.3335e+00
Iteration 1000: Loss_V = 5.7962e-02, Loss_V_x = 1.5419e-01, Loss_HJB = 2.0812e-02, Loss_total = 2.1424e-01
Iteration 2000: Loss_V = 3.0361e-02, Loss_V_x = 1.3112e-01, Loss_HJB = 7.0918e-03, Loss_total = 1.6219e-01
Iteration 3000: Loss_V = 1.8368e-02, Loss_V_x = 1.1249e-01, Loss_HJB = 2.8408e-03, Loss_total = 1.3114e-01
Iteration 4000: Loss_V = 1.3442e-02, Loss_V_x = 1.0025e-01, Loss_HJB = 1.8338e-03, Loss_total = 1.1388e-01
Iteration 5000: Loss_V = 9.9457e-03, Loss_V_x = 8.8099e-02, Loss_HJB = 1.3739e-03, Loss_total = 9.8182e-02


Generating data_MFG...
Generated 10752 data from 512 IVP solutions in 27.5 sec 

Iteration 0:  Loss_G = 2.2778e-03,  Loss_ODE = 8.2271e-03,  Loss_total = 3.1005e-03
Iteration 1000:  Loss_G = 7.1537e-05,  Loss_ODE = 1.1500e-03,  Loss_total = 1.8653e-04
Iteration 2000:  Loss_G = 6.5212e-05,  Loss_ODE = 1.0246e-03,  Loss_total = 1.6767e-04
Iteration 3000:  Loss_G = 6.0779e-05,  Loss_ODE = 9.1782e-04,  Loss_total = 1.5256e-04


Time t = 0.0
  Relative L2 Error    = 1.1306e-01
  Relative Linf Error  = 3.2393e-01

Time t = 0.5
  Relative L2 Error    = 1.5005e-01
  Relative Linf Error  = 3.7116e-01

Time t = 1.0
  Relative L2 Error    = 0.0000e+00
  Relative Linf Error  = 0.0000e+00

k  3 │ L1=1.091e+00 │ L2=2.554e-01 │ L∞=6.918e-02

Find alpha1

Precomputing precise mean with 20000 particles...
Generating data_OC (ThreadPool, N=512)...
16 workers will be used.

Generated 201742 data from 512/512 BVP solutions in 604.7 sec
  → Speed: 0.8 BVP/sec, 334 points/sec

Approximate solution of BVP 

Iteration 0: Loss_V = 2.7609e+00, Loss_V_x = 1.0298e-01, Loss_total = 2.8638e+00
Iteration 1000: Loss_V = 2.0063e-02, Loss_V_x = 1.0475e-01, Loss_total = 1.2482e-01
Iteration 2000: Loss_V = 7.3976e-03, Loss_V_x = 7.9023e-02, Loss_total = 8.6420e-02
Iteration 3000: Loss_V = 4.4488e-03, Loss_V_x = 5.7186e-02, Loss_total = 6.1634e-02
Iteration 4000: Loss_V = 3.2178e-03, Loss_V_x = 3.8263e-02, Loss_total = 4.1481e-02
Iteration 5000: Loss_V = 2.4778e-03, Loss_V_x = 2.5510e-02, Loss_total = 2.7988e-02


The Exploitibility is : 2.540295124053955

 Computing The Best Response 4: 

Precomputing precise mean with 20000 particles...
Generating data_OC (ThreadPool, N=512)...
16 workers will be used.

Generated 190653 data from 512/512 BVP solutions in 514.9 sec
  → Speed: 1.0 BVP/sec, 370 points/sec

Approximate solution of BVP 

Iteration 0: Loss_V = 1.8214e+00, Loss_V_x = 1.0534e-01, Loss_HJB = 2.8531e+01, Loss_total = 4.7798e+00
Iteration 1000: Loss_V = 2.0553e-02, Loss_V_x = 8.8683e-02, Loss_HJB = 2.9600e-03, Loss_total = 1.0953e-01
Iteration 2000: Loss_V = 1.1581e-02, Loss_V_x = 7.1844e-02, Loss_HJB = 1.5178e-03, Loss_total = 8.3578e-02
Iteration 3000: Loss_V = 6.6846e-03, Loss_V_x = 6.0690e-02, Loss_HJB = 8.1025e-04, Loss_total = 6.7456e-02
Iteration 4000: Loss_V = 5.0818e-03, Loss_V_x = 4.9706e-02, Loss_HJB = 6.2814e-04, Loss_total = 5.4850e-02
Iteration 5000: Loss_V = 3.8510e-03, Loss_V_x = 4.2240e-02, Loss_HJB = 5.8134e-04, Loss_total = 4.6149e-02


Generating data_MFG...
Generated 10752 data from 512 IVP solutions in 23.0 sec 

Iteration 0:  Loss_G = 1.5523e-03,  Loss_ODE = 5.7486e-03,  Loss_total = 2.1272e-03
Iteration 1000:  Loss_G = 5.2625e-05,  Loss_ODE = 9.7035e-04,  Loss_total = 1.4966e-04
Iteration 2000:  Loss_G = 4.9305e-05,  Loss_ODE = 8.7573e-04,  Loss_total = 1.3688e-04
Iteration 3000:  Loss_G = 4.7105e-05,  Loss_ODE = 8.2437e-04,  Loss_total = 1.2954e-04


Time t = 0.0
  Relative L2 Error    = 8.6948e-02
  Relative Linf Error  = 2.2147e-01

Time t = 0.5
  Relative L2 Error    = 9.7768e-02
  Relative Linf Error  = 2.5594e-01

Time t = 1.0
  Relative L2 Error    = 0.0000e+00
  Relative Linf Error  = 0.0000e+00

k  4 │ L1=9.627e-01 │ L2=2.251e-01 │ L∞=6.143e-02

Find alpha1

Precomputing precise mean with 20000 particles...
Generating data_OC (ThreadPool, N=512)...
16 workers will be used.

Generated 210457 data from 512/512 BVP solutions in 619.7 sec
  → Speed: 0.8 BVP/sec, 340 points/sec

Approximate solution of BVP 

Iteration 0: Loss_V = 1.1863e+00, Loss_V_x = 5.1676e-02, Loss_total = 1.2379e+00
Iteration 1000: Loss_V = 9.2515e-03, Loss_V_x = 4.5984e-02, Loss_total = 5.5235e-02
Iteration 2000: Loss_V = 3.6285e-03, Loss_V_x = 3.3230e-02, Loss_total = 3.6859e-02
Iteration 3000: Loss_V = 2.3804e-03, Loss_V_x = 2.3148e-02, Loss_total = 2.5529e-02
Iteration 4000: Loss_V = 2.1527e-03, Loss_V_x = 1.6871e-02, Loss_total = 1.9023e-02
Iteration 5000: Loss_V = 1.5406e-03, Loss_V_x = 1.3148e-02, Loss_total = 1.4689e-02


The Exploitibility is : 0.9813323020935059

 Computing The Best Response 5: 

Precomputing precise mean with 20000 particles...
Generating data_OC (ThreadPool, N=512)...
16 workers will be used.

Generated 180261 data from 512/512 BVP solutions in 486.2 sec
  → Speed: 1.1 BVP/sec, 371 points/sec

Approximate solution of BVP 

Iteration 0: Loss_V = 9.1077e-01, Loss_V_x = 5.1694e-02, Loss_HJB = 1.7697e+01, Loss_total = 2.7321e+00
Iteration 1000: Loss_V = 8.6374e-03, Loss_V_x = 4.1373e-02, Loss_HJB = 1.0396e-03, Loss_total = 5.0114e-02
Iteration 2000: Loss_V = 4.2243e-03, Loss_V_x = 3.2674e-02, Loss_HJB = 5.2087e-04, Loss_total = 3.6950e-02
Iteration 3000: Loss_V = 2.9229e-03, Loss_V_x = 2.7530e-02, Loss_HJB = 5.1445e-04, Loss_total = 3.0504e-02
Iteration 4000: Loss_V = 2.0121e-03, Loss_V_x = 2.2374e-02, Loss_HJB = 4.0553e-04, Loss_total = 2.4427e-02
Iteration 5000: Loss_V = 1.7785e-03, Loss_V_x = 1.9445e-02, Loss_HJB = 3.9704e-04, Loss_total = 2.1263e-02


Generating data_MFG...
Generated 10752 data from 512 IVP solutions in 20.2 sec 

Iteration 0:  Loss_G = 1.1361e-03,  Loss_ODE = 4.6821e-03,  Loss_total = 1.6044e-03
Iteration 1000:  Loss_G = 5.4854e-05,  Loss_ODE = 1.1212e-03,  Loss_total = 1.6698e-04
Iteration 2000:  Loss_G = 5.1840e-05,  Loss_ODE = 9.9476e-04,  Loss_total = 1.5132e-04
Iteration 3000:  Loss_G = 4.9812e-05,  Loss_ODE = 9.4521e-04,  Loss_total = 1.4433e-04


Time t = 0.0
  Relative L2 Error    = 6.2151e-02
  Relative Linf Error  = 2.0833e-01

Time t = 0.5
  Relative L2 Error    = 6.3444e-02
  Relative Linf Error  = 1.9219e-01

Time t = 1.0
  Relative L2 Error    = 0.0000e+00
  Relative Linf Error  = 0.0000e+00

k  5 │ L1=7.536e-01 │ L2=1.750e-01 │ L∞=4.646e-02

Find alpha1

Precomputing precise mean with 20000 particles...
Generating data_OC (ThreadPool, N=512)...
16 workers will be used.

Generated 191954 data from 512/512 BVP solutions in 573.7 sec
  → Speed: 0.9 BVP/sec, 335 points/sec

Approximate solution of BVP 

Iteration 0: Loss_V = 5.6432e-01, Loss_V_x = 2.8533e-02, Loss_total = 5.9285e-01
Iteration 1000: Loss_V = 4.9947e-03, Loss_V_x = 2.5255e-02, Loss_total = 3.0250e-02
Iteration 2000: Loss_V = 2.4160e-03, Loss_V_x = 1.8091e-02, Loss_total = 2.0507e-02
Iteration 3000: Loss_V = 1.8147e-03, Loss_V_x = 1.3529e-02, Loss_total = 1.5344e-02
Iteration 4000: Loss_V = 1.4683e-03, Loss_V_x = 1.0798e-02, Loss_total = 1.2266e-02
Iteration 5000: Loss_V = 1.2691e-03, Loss_V_x = 9.0584e-03, Loss_total = 1.0328e-02


The Exploitibility is : 0.10346698760986328

 Computing The Best Response 6: 

Precomputing precise mean with 20000 particles...
Generating data_OC (ThreadPool, N=512)...
16 workers will be used.

Generated 177521 data from 512/512 BVP solutions in 485.5 sec
  → Speed: 1.1 BVP/sec, 366 points/sec

Approximate solution of BVP 

Iteration 0: Loss_V = 4.1067e-01, Loss_V_x = 2.5556e-02, Loss_HJB = 1.0110e+01, Loss_total = 1.4472e+00
Iteration 1000: Loss_V = 5.6798e-03, Loss_V_x = 2.1488e-02, Loss_HJB = 5.1902e-04, Loss_total = 2.7220e-02
Iteration 2000: Loss_V = 2.8842e-03, Loss_V_x = 1.7846e-02, Loss_HJB = 6.8700e-04, Loss_total = 2.0798e-02
Iteration 3000: Loss_V = 1.9465e-03, Loss_V_x = 1.5940e-02, Loss_HJB = 4.3052e-04, Loss_total = 1.7930e-02
Iteration 4000: Loss_V = 1.4354e-03, Loss_V_x = 1.3779e-02, Loss_HJB = 4.1255e-04, Loss_total = 1.5256e-02
Iteration 5000: Loss_V = 1.2183e-03, Loss_V_x = 1.2469e-02, Loss_HJB = 4.1017e-04, Loss_total = 1.3728e-02


Generating data_MFG...
Generated 10752 data from 512 IVP solutions in 21.3 sec 

Iteration 0:  Loss_G = 7.6000e-04,  Loss_ODE = 3.7483e-03,  Loss_total = 1.1348e-03
Iteration 1000:  Loss_G = 5.7247e-05,  Loss_ODE = 1.1688e-03,  Loss_total = 1.7413e-04
Iteration 2000:  Loss_G = 5.2266e-05,  Loss_ODE = 1.0350e-03,  Loss_total = 1.5577e-04
Iteration 3000:  Loss_G = 5.0530e-05,  Loss_ODE = 1.0019e-03,  Loss_total = 1.5072e-04


Time t = 0.0
  Relative L2 Error    = 5.1010e-02
  Relative Linf Error  = 1.7100e-01

Time t = 0.5
  Relative L2 Error    = 4.9935e-02
  Relative Linf Error  = 1.5924e-01

Time t = 1.0
  Relative L2 Error    = 0.0000e+00
  Relative Linf Error  = 0.0000e+00

k  6 │ L1=6.132e-01 │ L2=1.416e-01 │ L∞=3.654e-02

Find alpha1

Precomputing precise mean with 20000 particles...
Generating data_OC (ThreadPool, N=512)...
16 workers will be used.

Generated 186892 data from 512/512 BVP solutions in 557.0 sec
  → Speed: 0.9 BVP/sec, 336 points/sec

Approximate solution of BVP 

Iteration 0: Loss_V = 3.8809e-01, Loss_V_x = 1.8886e-02, Loss_total = 4.0697e-01
Iteration 1000: Loss_V = 3.8042e-03, Loss_V_x = 1.6375e-02, Loss_total = 2.0179e-02
Iteration 2000: Loss_V = 1.7967e-03, Loss_V_x = 1.2163e-02, Loss_total = 1.3959e-02
Iteration 3000: Loss_V = 1.3675e-03, Loss_V_x = 9.8267e-03, Loss_total = 1.1194e-02
Iteration 4000: Loss_V = 1.1375e-03, Loss_V_x = 8.3425e-03, Loss_total = 9.4800e-03
Iteration 5000: Loss_V = 9.7675e-04, Loss_V_x = 7.3113e-03, Loss_total = 8.2881e-03


The Exploitibility is : 0.3201562166213989

 Computing The Best Response 7: 

Precomputing precise mean with 20000 particles...
Generating data_OC (ThreadPool, N=512)...
16 workers will be used.

Generated 175458 data from 512/512 BVP solutions in 496.9 sec
  → Speed: 1.0 BVP/sec, 353 points/sec

Approximate solution of BVP 

Iteration 0: Loss_V = 2.6842e-01, Loss_V_x = 1.6628e-02, Loss_HJB = 9.0070e+00, Loss_total = 1.1857e+00
Iteration 1000: Loss_V = 3.7151e-03, Loss_V_x = 1.4939e-02, Loss_HJB = 5.6666e-04, Loss_total = 1.8711e-02
Iteration 2000: Loss_V = 1.8889e-03, Loss_V_x = 1.2154e-02, Loss_HJB = 4.4134e-04, Loss_total = 1.4087e-02
Iteration 3000: Loss_V = 1.2432e-03, Loss_V_x = 1.0436e-02, Loss_HJB = 3.7621e-04, Loss_total = 1.1717e-02
Iteration 4000: Loss_V = 9.8922e-04, Loss_V_x = 9.9499e-03, Loss_HJB = 4.4483e-04, Loss_total = 1.0984e-02
Iteration 5000: Loss_V = 9.5444e-04, Loss_V_x = 9.0026e-03, Loss_HJB = 1.0397e-03, Loss_total = 1.0061e-02


Generating data_MFG...
Generated 10752 data from 512 IVP solutions in 20.3 sec 

Iteration 0:  Loss_G = 5.8384e-04,  Loss_ODE = 3.2105e-03,  Loss_total = 9.0488e-04
Iteration 1000:  Loss_G = 5.8051e-05,  Loss_ODE = 1.1777e-03,  Loss_total = 1.7582e-04
Iteration 2000:  Loss_G = 5.4607e-05,  Loss_ODE = 1.0986e-03,  Loss_total = 1.6447e-04
Iteration 3000:  Loss_G = 5.2491e-05,  Loss_ODE = 1.0670e-03,  Loss_total = 1.5919e-04


Time t = 0.0
  Relative L2 Error    = 4.3058e-02
  Relative Linf Error  = 1.3952e-01

Time t = 0.5
  Relative L2 Error    = 4.1513e-02
  Relative Linf Error  = 1.5226e-01

Time t = 1.0
  Relative L2 Error    = 0.0000e+00
  Relative Linf Error  = 0.0000e+00

k  7 │ L1=5.327e-01 │ L2=1.228e-01 │ L∞=3.151e-02

Find alpha1

Precomputing precise mean with 20000 particles...
Generating data_OC (ThreadPool, N=512)...
16 workers will be used.

Generated 180015 data from 512/512 BVP solutions in 536.9 sec
  → Speed: 1.0 BVP/sec, 335 points/sec

Approximate solution of BVP 

Iteration 0: Loss_V = 2.1978e-01, Loss_V_x = 1.2905e-02, Loss_total = 2.3268e-01
Iteration 1000: Loss_V = 2.3205e-03, Loss_V_x = 1.0994e-02, Loss_total = 1.3314e-02
Iteration 2000: Loss_V = 1.3181e-03, Loss_V_x = 8.6974e-03, Loss_total = 1.0016e-02
Iteration 3000: Loss_V = 1.0077e-03, Loss_V_x = 7.3955e-03, Loss_total = 8.4031e-03
Iteration 4000: Loss_V = 8.8188e-04, Loss_V_x = 6.5302e-03, Loss_total = 7.4121e-03
Iteration 5000: Loss_V = 8.1104e-04, Loss_V_x = 5.8916e-03, Loss_total = 6.7027e-03


The Exploitibility is : 0.6121766567230225

 Computing The Best Response 8: 

Precomputing precise mean with 20000 particles...
Generating data_OC (ThreadPool, N=512)...
16 workers will be used.

Generated 173278 data from 512/512 BVP solutions in 496.7 sec
  → Speed: 1.0 BVP/sec, 349 points/sec

Approximate solution of BVP 

Iteration 0: Loss_V = 1.9585e-01, Loss_V_x = 1.1781e-02, Loss_HJB = 5.3189e+00, Loss_total = 7.3952e-01
Iteration 1000: Loss_V = 3.2773e-03, Loss_V_x = 1.0786e-02, Loss_HJB = 6.4558e-04, Loss_total = 1.4128e-02
Iteration 2000: Loss_V = 1.7969e-03, Loss_V_x = 9.2555e-03, Loss_HJB = 5.2306e-04, Loss_total = 1.1105e-02
Iteration 3000: Loss_V = 1.1301e-03, Loss_V_x = 8.2414e-03, Loss_HJB = 4.0088e-04, Loss_total = 9.4115e-03
Iteration 4000: Loss_V = 8.7630e-04, Loss_V_x = 7.2021e-03, Loss_HJB = 3.3459e-04, Loss_total = 8.1118e-03
Iteration 5000: Loss_V = 7.5574e-04, Loss_V_x = 6.8120e-03, Loss_HJB = 3.6862e-04, Loss_total = 7.6046e-03


Generating data_MFG...
Generated 10752 data from 512 IVP solutions in 16.7 sec 

Iteration 0:  Loss_G = 4.9171e-04,  Loss_ODE = 3.0541e-03,  Loss_total = 7.9713e-04
Iteration 1000:  Loss_G = 5.9088e-05,  Loss_ODE = 1.2247e-03,  Loss_total = 1.8155e-04
Iteration 2000:  Loss_G = 5.6583e-05,  Loss_ODE = 1.1556e-03,  Loss_total = 1.7214e-04
Iteration 3000:  Loss_G = 5.3930e-05,  Loss_ODE = 1.1005e-03,  Loss_total = 1.6398e-04


Time t = 0.0
  Relative L2 Error    = 3.9858e-02
  Relative Linf Error  = 1.7704e-01

Time t = 0.5
  Relative L2 Error    = 3.6156e-02
  Relative Linf Error  = 1.4348e-01

Time t = 1.0
  Relative L2 Error    = 0.0000e+00
  Relative Linf Error  = 0.0000e+00

k  8 │ L1=4.989e-01 │ L2=1.148e-01 │ L∞=2.879e-02

Find alpha1

Precomputing precise mean with 20000 particles...
Generating data_OC (ThreadPool, N=512)...
16 workers will be used.

Generated 178366 data from 512/512 BVP solutions in 511.2 sec
  → Speed: 1.0 BVP/sec, 349 points/sec

Approximate solution of BVP 

Iteration 0: Loss_V = 1.7205e-01, Loss_V_x = 1.0844e-02, Loss_total = 1.8289e-01
Iteration 1000: Loss_V = 2.5544e-03, Loss_V_x = 9.2510e-03, Loss_total = 1.1805e-02
Iteration 2000: Loss_V = 1.5030e-03, Loss_V_x = 7.5907e-03, Loss_total = 9.0937e-03
Iteration 3000: Loss_V = 1.0693e-03, Loss_V_x = 6.6360e-03, Loss_total = 7.7053e-03
Iteration 4000: Loss_V = 9.5980e-04, Loss_V_x = 5.9704e-03, Loss_total = 6.9302e-03
Iteration 5000: Loss_V = 1.2812e-03, Loss_V_x = 5.4712e-03, Loss_total = 6.7525e-03


The Exploitibility is : 0.790013313293457

 Computing The Best Response 9: 

Precomputing precise mean with 20000 particles...
Generating data_OC (ThreadPool, N=512)...
16 workers will be used.

Generated 171460 data from 512/512 BVP solutions in 490.1 sec
  → Speed: 1.0 BVP/sec, 350 points/sec

Approximate solution of BVP 

Iteration 0: Loss_V = 1.5564e-01, Loss_V_x = 8.9033e-03, Loss_HJB = 3.9377e+00, Loss_total = 5.5831e-01
Iteration 1000: Loss_V = 2.8365e-03, Loss_V_x = 8.7496e-03, Loss_HJB = 1.5411e-03, Loss_total = 1.1740e-02
Iteration 2000: Loss_V = 1.5265e-03, Loss_V_x = 7.5313e-03, Loss_HJB = 7.0938e-04, Loss_total = 9.1288e-03
Iteration 3000: Loss_V = 9.8417e-04, Loss_V_x = 6.8240e-03, Loss_HJB = 4.0029e-04, Loss_total = 7.8482e-03
Iteration 4000: Loss_V = 7.6966e-04, Loss_V_x = 6.5151e-03, Loss_HJB = 4.5838e-04, Loss_total = 7.3306e-03
Iteration 5000: Loss_V = 6.0083e-04, Loss_V_x = 5.7900e-03, Loss_HJB = 3.4939e-04, Loss_total = 6.4258e-03


Generating data_MFG...
Generated 10752 data from 512 IVP solutions in 19.2 sec 

Iteration 0:  Loss_G = 5.1129e-04,  Loss_ODE = 3.2090e-03,  Loss_total = 8.3219e-04
Iteration 1000:  Loss_G = 5.9240e-05,  Loss_ODE = 1.2750e-03,  Loss_total = 1.8674e-04
Iteration 2000:  Loss_G = 5.5380e-05,  Loss_ODE = 1.1295e-03,  Loss_total = 1.6833e-04
Iteration 3000:  Loss_G = 5.1694e-05,  Loss_ODE = 1.0633e-03,  Loss_total = 1.5802e-04


Time t = 0.0
  Relative L2 Error    = 3.4289e-02
  Relative Linf Error  = 1.0525e-01

Time t = 0.5
  Relative L2 Error    = 3.2400e-02
  Relative Linf Error  = 9.4784e-02

Time t = 1.0
  Relative L2 Error    = 0.0000e+00
  Relative Linf Error  = 0.0000e+00

k  9 │ L1=4.612e-01 │ L2=1.059e-01 │ L∞=2.635e-02

Find alpha1

Precomputing precise mean with 20000 particles...
Generating data_OC (ThreadPool, N=512)...
16 workers will be used.

Generated 175184 data from 512/512 BVP solutions in 519.3 sec
  → Speed: 1.0 BVP/sec, 337 points/sec

Approximate solution of BVP 

Iteration 0: Loss_V = 1.5867e-01, Loss_V_x = 9.1256e-03, Loss_total = 1.6780e-01
Iteration 1000: Loss_V = 2.5722e-03, Loss_V_x = 8.4221e-03, Loss_total = 1.0994e-02
Iteration 2000: Loss_V = 1.4030e-03, Loss_V_x = 6.9090e-03, Loss_total = 8.3120e-03
Iteration 3000: Loss_V = 1.0087e-03, Loss_V_x = 6.0501e-03, Loss_total = 7.0588e-03
Iteration 4000: Loss_V = 8.9370e-04, Loss_V_x = 5.4723e-03, Loss_total = 6.3660e-03
Iteration 5000: Loss_V = 1.6474e-03, Loss_V_x = 5.0371e-03, Loss_total = 6.6845e-03


The Exploitibility is : 0.9034433364868164

 Computing The Best Response 10: 

Precomputing precise mean with 20000 particles...
Generating data_OC (ThreadPool, N=512)...
16 workers will be used.

Generated 165110 data from 512/512 BVP solutions in 478.9 sec
  → Speed: 1.1 BVP/sec, 345 points/sec

Approximate solution of BVP 

Iteration 0: Loss_V = 1.3561e-01, Loss_V_x = 7.4466e-03, Loss_HJB = 3.0314e+00, Loss_total = 4.4619e-01
Iteration 1000: Loss_V = 2.4645e-03, Loss_V_x = 7.3061e-03, Loss_HJB = 1.3518e-03, Loss_total = 9.9058e-03
Iteration 2000: Loss_V = 1.5016e-03, Loss_V_x = 6.5132e-03, Loss_HJB = 1.5618e-03, Loss_total = 8.1710e-03
Iteration 3000: Loss_V = 9.1255e-04, Loss_V_x = 6.1017e-03, Loss_HJB = 5.0598e-04, Loss_total = 7.0648e-03
Iteration 4000: Loss_V = 7.0369e-04, Loss_V_x = 5.4774e-03, Loss_HJB = 4.1072e-04, Loss_total = 6.2221e-03
Iteration 5000: Loss_V = 6.5425e-04, Loss_V_x = 4.9689e-03, Loss_HJB = 6.6714e-04, Loss_total = 5.6899e-03


Generating data_MFG...
Generated 10752 data from 512 IVP solutions in 16.2 sec 

Iteration 0:  Loss_G = 4.4552e-04,  Loss_ODE = 3.0815e-03,  Loss_total = 7.5367e-04
Iteration 1000:  Loss_G = 5.7148e-05,  Loss_ODE = 1.1647e-03,  Loss_total = 1.7362e-04
Iteration 2000:  Loss_G = 5.2918e-05,  Loss_ODE = 1.1006e-03,  Loss_total = 1.6298e-04
Iteration 3000:  Loss_G = 4.8968e-05,  Loss_ODE = 1.0281e-03,  Loss_total = 1.5178e-04


Time t = 0.0
  Relative L2 Error    = 3.2094e-02
  Relative Linf Error  = 1.0915e-01

Time t = 0.5
  Relative L2 Error    = 2.9858e-02
  Relative Linf Error  = 1.0012e-01

Time t = 1.0
  Relative L2 Error    = 0.0000e+00
  Relative Linf Error  = 0.0000e+00

k 10 │ L1=4.231e-01 │ L2=9.695e-02 │ L∞=2.415e-02

Find alpha1

Precomputing precise mean with 20000 particles...
Generating data_OC (ThreadPool, N=512)...
16 workers will be used.

Generated 171300 data from 512/512 BVP solutions in 522.0 sec
  → Speed: 1.0 BVP/sec, 328 points/sec

Approximate solution of BVP 

Iteration 0: Loss_V = 1.1461e-01, Loss_V_x = 7.8710e-03, Loss_total = 1.2248e-01
Iteration 1000: Loss_V = 2.7177e-03, Loss_V_x = 7.1475e-03, Loss_total = 9.8652e-03
Iteration 2000: Loss_V = 2.4149e-03, Loss_V_x = 6.0160e-03, Loss_total = 8.4309e-03
Iteration 3000: Loss_V = 8.9133e-04, Loss_V_x = 5.3480e-03, Loss_total = 6.2393e-03
Iteration 4000: Loss_V = 7.5710e-04, Loss_V_x = 4.8812e-03, Loss_total = 5.6383e-03
Iteration 5000: Loss_V = 8.4929e-04, Loss_V_x = 4.5258e-03, Loss_total = 5.3751e-03


The Exploitibility is : 1.0309888124465942

 Computing The Best Response 11: 

Precomputing precise mean with 20000 particles...
Generating data_OC (ThreadPool, N=512)...
16 workers will be used.

Generated 162674 data from 512/512 BVP solutions in 465.6 sec
  → Speed: 1.1 BVP/sec, 349 points/sec

Approximate solution of BVP 

Iteration 0: Loss_V = 1.1043e-01, Loss_V_x = 6.1028e-03, Loss_HJB = 2.7544e+00, Loss_total = 3.9198e-01
Iteration 1000: Loss_V = 2.1392e-03, Loss_V_x = 6.5530e-03, Loss_HJB = 7.5912e-04, Loss_total = 8.7681e-03
Iteration 2000: Loss_V = 1.2918e-03, Loss_V_x = 5.4387e-03, Loss_HJB = 4.6933e-04, Loss_total = 6.7774e-03
Iteration 3000: Loss_V = 9.0876e-04, Loss_V_x = 4.9518e-03, Loss_HJB = 4.1236e-04, Loss_total = 5.9018e-03
Iteration 4000: Loss_V = 6.8220e-04, Loss_V_x = 4.8924e-03, Loss_HJB = 4.3127e-04, Loss_total = 5.6177e-03
Iteration 5000: Loss_V = 3.7260e-03, Loss_V_x = 4.5614e-03, Loss_HJB = 1.2527e-02, Loss_total = 9.5400e-03


Generating data_MFG...
Generated 10752 data from 512 IVP solutions in 15.6 sec 

Iteration 0:  Loss_G = 4.2196e-04,  Loss_ODE = 3.0158e-03,  Loss_total = 7.2354e-04
Iteration 1000:  Loss_G = 5.3191e-05,  Loss_ODE = 1.1243e-03,  Loss_total = 1.6562e-04
Iteration 2000:  Loss_G = 4.7584e-05,  Loss_ODE = 1.0109e-03,  Loss_total = 1.4868e-04
Iteration 3000:  Loss_G = 4.5064e-05,  Loss_ODE = 9.5912e-04,  Loss_total = 1.4098e-04


Time t = 0.0
  Relative L2 Error    = 3.2239e-02
  Relative Linf Error  = 8.9553e-02

Time t = 0.5
  Relative L2 Error    = 3.0582e-02
  Relative Linf Error  = 9.1912e-02

Time t = 1.0
  Relative L2 Error    = 0.0000e+00
  Relative Linf Error  = 0.0000e+00

k 11 │ L1=4.405e-01 │ L2=1.010e-01 │ L∞=2.528e-02

Find alpha1

Precomputing precise mean with 20000 particles...
Generating data_OC (ThreadPool, N=512)...
16 workers will be used.

Generated 164808 data from 512/512 BVP solutions in 503.3 sec
  → Speed: 1.0 BVP/sec, 327 points/sec

Approximate solution of BVP 

Iteration 0: Loss_V = 9.9450e-02, Loss_V_x = 6.6879e-03, Loss_total = 1.0614e-01
Iteration 1000: Loss_V = 2.1420e-03, Loss_V_x = 6.2526e-03, Loss_total = 8.3947e-03
Iteration 2000: Loss_V = 1.2238e-03, Loss_V_x = 5.3465e-03, Loss_total = 6.5703e-03
Iteration 3000: Loss_V = 9.0743e-04, Loss_V_x = 4.8065e-03, Loss_total = 5.7139e-03
Iteration 4000: Loss_V = 9.0757e-04, Loss_V_x = 4.4336e-03, Loss_total = 5.3411e-03
Iteration 5000: Loss_V = 6.5249e-04, Loss_V_x = 4.1465e-03, Loss_total = 4.7990e-03


The Exploitibility is : 1.1083475947380066

 Computing The Best Response 12: 

Precomputing precise mean with 20000 particles...
Generating data_OC (ThreadPool, N=512)...
16 workers will be used.

Generated 161796 data from 512/512 BVP solutions in 461.3 sec
  → Speed: 1.1 BVP/sec, 351 points/sec

Approximate solution of BVP 

Iteration 0: Loss_V = 1.0649e-01, Loss_V_x = 5.7804e-03, Loss_HJB = 2.2186e+00, Loss_total = 3.3413e-01
Iteration 1000: Loss_V = 2.0540e-03, Loss_V_x = 5.8544e-03, Loss_HJB = 7.1118e-04, Loss_total = 7.9796e-03
Iteration 2000: Loss_V = 1.4450e-03, Loss_V_x = 4.9699e-03, Loss_HJB = 1.7826e-03, Loss_total = 6.5931e-03
Iteration 3000: Loss_V = 1.0437e-03, Loss_V_x = 4.5480e-03, Loss_HJB = 7.6062e-04, Loss_total = 5.6678e-03
Iteration 4000: Loss_V = 8.0594e-04, Loss_V_x = 4.5315e-03, Loss_HJB = 4.8808e-04, Loss_total = 5.3862e-03
Iteration 5000: Loss_V = 7.8285e-04, Loss_V_x = 4.3529e-03, Loss_HJB = 8.8639e-04, Loss_total = 5.2244e-03


Generating data_MFG...
Generated 10752 data from 512 IVP solutions in 15.7 sec 

Iteration 0:  Loss_G = 4.0154e-04,  Loss_ODE = 2.8325e-03,  Loss_total = 6.8479e-04
Iteration 1000:  Loss_G = 4.9465e-05,  Loss_ODE = 1.0854e-03,  Loss_total = 1.5801e-04
Iteration 2000:  Loss_G = 4.5026e-05,  Loss_ODE = 9.7152e-04,  Loss_total = 1.4218e-04
Iteration 3000:  Loss_G = 4.3460e-05,  Loss_ODE = 9.5089e-04,  Loss_total = 1.3855e-04


Time t = 0.0
  Relative L2 Error    = 3.0171e-02
  Relative Linf Error  = 8.8590e-02

Time t = 0.5
  Relative L2 Error    = 2.7980e-02
  Relative Linf Error  = 8.5424e-02

Time t = 1.0
  Relative L2 Error    = 0.0000e+00
  Relative Linf Error  = 0.0000e+00

k 12 │ L1=3.840e-01 │ L2=8.791e-02 │ L∞=2.210e-02

Find alpha1

Precomputing precise mean with 20000 particles...
Generating data_OC (ThreadPool, N=512)...
16 workers will be used.

Generated 170841 data from 512/512 BVP solutions in 519.6 sec
  → Speed: 1.0 BVP/sec, 329 points/sec

Approximate solution of BVP 

Iteration 0: Loss_V = 9.2833e-02, Loss_V_x = 6.3139e-03, Loss_total = 9.9147e-02
Iteration 1000: Loss_V = 2.0470e-03, Loss_V_x = 6.0321e-03, Loss_total = 8.0791e-03
Iteration 2000: Loss_V = 1.2129e-03, Loss_V_x = 5.1699e-03, Loss_total = 6.3828e-03
Iteration 3000: Loss_V = 9.5974e-04, Loss_V_x = 4.6603e-03, Loss_total = 5.6201e-03
Iteration 4000: Loss_V = 8.9105e-04, Loss_V_x = 4.3062e-03, Loss_total = 5.1973e-03
Iteration 5000: Loss_V = 6.6585e-04, Loss_V_x = 4.0374e-03, Loss_total = 4.7032e-03


The Exploitibility is : 1.2176281213760376

 Computing The Best Response 13: 

Precomputing precise mean with 20000 particles...
Generating data_OC (ThreadPool, N=512)...
16 workers will be used.

Generated 161727 data from 512/512 BVP solutions in 460.8 sec
  → Speed: 1.1 BVP/sec, 351 points/sec

Approximate solution of BVP 

Iteration 0: Loss_V = 1.1210e-01, Loss_V_x = 5.4153e-03, Loss_HJB = 1.8690e+00, Loss_total = 3.0441e-01
Iteration 1000: Loss_V = 1.9582e-03, Loss_V_x = 5.6289e-03, Loss_HJB = 7.9087e-04, Loss_total = 7.6661e-03
Iteration 2000: Loss_V = 1.3263e-03, Loss_V_x = 4.7293e-03, Loss_HJB = 9.1496e-04, Loss_total = 6.1471e-03
Iteration 3000: Loss_V = 1.7646e-03, Loss_V_x = 4.4364e-03, Loss_HJB = 4.2535e-03, Loss_total = 6.6264e-03
Iteration 4000: Loss_V = 6.3648e-04, Loss_V_x = 3.6898e-03, Loss_HJB = 2.7543e-04, Loss_total = 4.3538e-03
Iteration 5000: Loss_V = 6.7565e-04, Loss_V_x = 4.1165e-03, Loss_HJB = 9.1951e-04, Loss_total = 4.8841e-03


Generating data_MFG...
Generated 10752 data from 512 IVP solutions in 16.1 sec 

Iteration 0:  Loss_G = 3.6256e-04,  Loss_ODE = 2.7340e-03,  Loss_total = 6.3596e-04
Iteration 1000:  Loss_G = 4.9647e-05,  Loss_ODE = 1.0711e-03,  Loss_total = 1.5675e-04
Iteration 2000:  Loss_G = 4.5401e-05,  Loss_ODE = 9.8396e-04,  Loss_total = 1.4380e-04
Iteration 3000:  Loss_G = 4.3553e-05,  Loss_ODE = 9.2951e-04,  Loss_total = 1.3650e-04


Time t = 0.0
  Relative L2 Error    = 2.9623e-02
  Relative Linf Error  = 1.2081e-01

Time t = 0.5
  Relative L2 Error    = 2.7725e-02
  Relative Linf Error  = 1.1307e-01

Time t = 1.0
  Relative L2 Error    = 0.0000e+00
  Relative Linf Error  = 0.0000e+00

k 13 │ L1=3.821e-01 │ L2=8.736e-02 │ L∞=2.188e-02

Find alpha1

Precomputing precise mean with 20000 particles...
Generating data_OC (ThreadPool, N=512)...
16 workers will be used.

Generated 165100 data from 512/512 BVP solutions in 495.1 sec
  → Speed: 1.0 BVP/sec, 333 points/sec

Approximate solution of BVP 

Iteration 0: Loss_V = 9.7199e-02, Loss_V_x = 6.1351e-03, Loss_total = 1.0333e-01
Iteration 1000: Loss_V = 2.3055e-03, Loss_V_x = 5.6733e-03, Loss_total = 7.9788e-03
Iteration 2000: Loss_V = 1.2873e-03, Loss_V_x = 4.8662e-03, Loss_total = 6.1535e-03
Iteration 3000: Loss_V = 1.4096e-03, Loss_V_x = 4.4112e-03, Loss_total = 5.8209e-03
Iteration 4000: Loss_V = 7.6620e-04, Loss_V_x = 4.0828e-03, Loss_total = 4.8490e-03
Iteration 5000: Loss_V = 6.7147e-04, Loss_V_x = 3.8325e-03, Loss_total = 4.5040e-03


The Exploitibility is : 1.1872602105140686

 Computing The Best Response 14: 

Precomputing precise mean with 20000 particles...
Generating data_OC (ThreadPool, N=512)...
16 workers will be used.

Generated 157288 data from 512/512 BVP solutions in 435.6 sec
  → Speed: 1.2 BVP/sec, 361 points/sec

Approximate solution of BVP 

Iteration 0: Loss_V = 8.7516e-02, Loss_V_x = 4.9769e-03, Loss_HJB = 2.1439e+00, Loss_total = 3.0688e-01
Iteration 1000: Loss_V = 1.8529e-03, Loss_V_x = 5.0371e-03, Loss_HJB = 7.7589e-04, Loss_total = 6.9676e-03
Iteration 2000: Loss_V = 1.2061e-03, Loss_V_x = 4.5192e-03, Loss_HJB = 5.4399e-04, Loss_total = 5.7796e-03
Iteration 3000: Loss_V = 1.0483e-03, Loss_V_x = 4.1652e-03, Loss_HJB = 1.3095e-03, Loss_total = 5.3444e-03
Iteration 4000: Loss_V = 7.4088e-04, Loss_V_x = 3.7762e-03, Loss_HJB = 5.8557e-04, Loss_total = 4.5757e-03
Iteration 5000: Loss_V = 6.4574e-04, Loss_V_x = 3.7739e-03, Loss_HJB = 5.0079e-04, Loss_total = 4.4697e-03


Generating data_MFG...
Generated 10752 data from 512 IVP solutions in 15.4 sec 

Iteration 0:  Loss_G = 3.7488e-04,  Loss_ODE = 2.9459e-03,  Loss_total = 6.6947e-04
Iteration 1000:  Loss_G = 4.7098e-05,  Loss_ODE = 1.0486e-03,  Loss_total = 1.5195e-04
Iteration 2000:  Loss_G = 4.3730e-05,  Loss_ODE = 9.4992e-04,  Loss_total = 1.3872e-04
Iteration 3000:  Loss_G = 4.2329e-05,  Loss_ODE = 9.4454e-04,  Loss_total = 1.3678e-04


Time t = 0.0
  Relative L2 Error    = 2.7634e-02
  Relative Linf Error  = 8.1228e-02

Time t = 0.5
  Relative L2 Error    = 2.6015e-02
  Relative Linf Error  = 6.8317e-02

Time t = 1.0
  Relative L2 Error    = 0.0000e+00
  Relative Linf Error  = 0.0000e+00

k 14 │ L1=3.344e-01 │ L2=7.644e-02 │ L∞=1.926e-02

Find alpha1

Precomputing precise mean with 20000 particles...
Generating data_OC (ThreadPool, N=512)...
16 workers will be used.

Generated 166143 data from 512/512 BVP solutions in 513.3 sec
  → Speed: 1.0 BVP/sec, 324 points/sec

Approximate solution of BVP 

Iteration 0: Loss_V = 9.5455e-02, Loss_V_x = 5.8951e-03, Loss_total = 1.0135e-01
Iteration 1000: Loss_V = 2.4173e-03, Loss_V_x = 5.3502e-03, Loss_total = 7.7675e-03
Iteration 2000: Loss_V = 1.3842e-03, Loss_V_x = 4.6476e-03, Loss_total = 6.0317e-03
Iteration 3000: Loss_V = 9.7432e-04, Loss_V_x = 4.2565e-03, Loss_total = 5.2308e-03
Iteration 4000: Loss_V = 9.4215e-04, Loss_V_x = 3.9815e-03, Loss_total = 4.9237e-03
Iteration 5000: Loss_V = 7.3442e-04, Loss_V_x = 3.7633e-03, Loss_total = 4.4977e-03


The Exploitibility is : 1.087830126285553

 Computing The Best Response 15: 

Precomputing precise mean with 20000 particles...
Generating data_OC (ThreadPool, N=512)...
16 workers will be used.

Generated 154567 data from 512/512 BVP solutions in 436.4 sec
  → Speed: 1.2 BVP/sec, 354 points/sec

Approximate solution of BVP 

Iteration 0: Loss_V = 7.6023e-02, Loss_V_x = 4.2508e-03, Loss_HJB = 1.6455e+00, Loss_total = 2.4483e-01
Iteration 1000: Loss_V = 1.6577e-03, Loss_V_x = 4.3642e-03, Loss_HJB = 7.0967e-04, Loss_total = 6.0929e-03
Iteration 2000: Loss_V = 1.1059e-03, Loss_V_x = 4.0863e-03, Loss_HJB = 7.0790e-04, Loss_total = 5.2630e-03
Iteration 3000: Loss_V = 8.1991e-04, Loss_V_x = 3.6601e-03, Loss_HJB = 4.2160e-04, Loss_total = 4.5222e-03
Iteration 4000: Loss_V = 6.9948e-04, Loss_V_x = 3.5976e-03, Loss_HJB = 4.1962e-04, Loss_total = 4.3390e-03
Iteration 5000: Loss_V = 6.6709e-04, Loss_V_x = 3.4617e-03, Loss_HJB = 7.3409e-04, Loss_total = 4.2022e-03


Generating data_MFG...
Generated 10752 data from 512 IVP solutions in 16.4 sec 

Iteration 0:  Loss_G = 3.7760e-04,  Loss_ODE = 2.7893e-03,  Loss_total = 6.5654e-04
Iteration 1000:  Loss_G = 4.6143e-05,  Loss_ODE = 1.0299e-03,  Loss_total = 1.4913e-04
Iteration 2000:  Loss_G = 4.2116e-05,  Loss_ODE = 9.3479e-04,  Loss_total = 1.3560e-04
Iteration 3000:  Loss_G = 4.0548e-05,  Loss_ODE = 9.1972e-04,  Loss_total = 1.3252e-04


Time t = 0.0
  Relative L2 Error    = 2.6820e-02
  Relative Linf Error  = 7.4212e-02

Time t = 0.5
  Relative L2 Error    = 2.5407e-02
  Relative Linf Error  = 6.5394e-02

Time t = 1.0
  Relative L2 Error    = 0.0000e+00
  Relative Linf Error  = 0.0000e+00

k 15 │ L1=3.607e-01 │ L2=8.241e-02 │ L∞=2.076e-02

Find alpha1

Precomputing precise mean with 20000 particles...
Generating data_OC (ThreadPool, N=512)...
16 workers will be used.

Generated 174541 data from 512/512 BVP solutions in 524.3 sec
  → Speed: 1.0 BVP/sec, 333 points/sec

Approximate solution of BVP 

Iteration 0: Loss_V = 9.3519e-02, Loss_V_x = 5.4450e-03, Loss_total = 9.8964e-02
Iteration 1000: Loss_V = 2.2940e-03, Loss_V_x = 5.1096e-03, Loss_total = 7.4036e-03
Iteration 2000: Loss_V = 1.3034e-03, Loss_V_x = 4.4101e-03, Loss_total = 5.7134e-03
Iteration 3000: Loss_V = 9.4103e-04, Loss_V_x = 4.0085e-03, Loss_total = 4.9496e-03
Iteration 4000: Loss_V = 7.6704e-04, Loss_V_x = 3.7311e-03, Loss_total = 4.4981e-03
Iteration 5000: Loss_V = 4.3677e-03, Loss_V_x = 3.5161e-03, Loss_total = 7.8838e-03


The Exploitibility is : 1.1290569305419922

 Computing The Best Response 16: 

Precomputing precise mean with 20000 particles...
Generating data_OC (ThreadPool, N=512)...
16 workers will be used.

Generated 157652 data from 512/512 BVP solutions in 431.1 sec
  → Speed: 1.2 BVP/sec, 366 points/sec

Approximate solution of BVP 

Iteration 0: Loss_V = 7.3700e-02, Loss_V_x = 4.1904e-03, Loss_HJB = 1.8885e+00, Loss_total = 2.6674e-01
Iteration 1000: Loss_V = 1.4784e-03, Loss_V_x = 4.6767e-03, Loss_HJB = 9.5913e-04, Loss_total = 6.2510e-03
Iteration 2000: Loss_V = 9.6102e-04, Loss_V_x = 4.0005e-03, Loss_HJB = 5.8082e-04, Loss_total = 5.0196e-03
Iteration 3000: Loss_V = 2.1635e-03, Loss_V_x = 3.7795e-03, Loss_HJB = 8.7438e-03, Loss_total = 6.8174e-03
Iteration 4000: Loss_V = 2.7667e-03, Loss_V_x = 3.1788e-03, Loss_HJB = 7.1648e-03, Loss_total = 6.6620e-03
Iteration 5000: Loss_V = 4.7579e-04, Loss_V_x = 2.8325e-03, Loss_HJB = 4.7234e-04, Loss_total = 3.3556e-03


Generating data_MFG...
Generated 10752 data from 512 IVP solutions in 15.7 sec 

Iteration 0:  Loss_G = 3.5124e-04,  Loss_ODE = 2.6617e-03,  Loss_total = 6.1741e-04
Iteration 1000:  Loss_G = 4.4228e-05,  Loss_ODE = 1.0034e-03,  Loss_total = 1.4457e-04
Iteration 2000:  Loss_G = 4.1184e-05,  Loss_ODE = 9.2026e-04,  Loss_total = 1.3321e-04
Iteration 3000:  Loss_G = 4.0159e-05,  Loss_ODE = 8.8772e-04,  Loss_total = 1.2893e-04


Time t = 0.0
  Relative L2 Error    = 2.4180e-02
  Relative Linf Error  = 5.9501e-02

Time t = 0.5
  Relative L2 Error    = 2.2810e-02
  Relative Linf Error  = 6.8471e-02

Time t = 1.0
  Relative L2 Error    = 0.0000e+00
  Relative Linf Error  = 0.0000e+00

k 16 │ L1=3.219e-01 │ L2=7.358e-02 │ L∞=1.851e-02

Find alpha1

Precomputing precise mean with 20000 particles...
Generating data_OC (ThreadPool, N=512)...
16 workers will be used.

Generated 162309 data from 512/512 BVP solutions in 503.2 sec
  → Speed: 1.0 BVP/sec, 323 points/sec

Approximate solution of BVP 

Iteration 0: Loss_V = 9.1193e-02, Loss_V_x = 5.1511e-03, Loss_total = 9.6344e-02
Iteration 1000: Loss_V = 2.3156e-03, Loss_V_x = 5.0740e-03, Loss_total = 7.3897e-03
Iteration 2000: Loss_V = 3.1673e-03, Loss_V_x = 4.3504e-03, Loss_total = 7.5177e-03
Iteration 3000: Loss_V = 9.8512e-04, Loss_V_x = 3.9244e-03, Loss_total = 4.9095e-03
Iteration 4000: Loss_V = 7.5197e-04, Loss_V_x = 3.6397e-03, Loss_total = 4.3917e-03
Iteration 5000: Loss_V = 6.8936e-04, Loss_V_x = 3.4266e-03, Loss_total = 4.1159e-03


The Exploitibility is : 1.240169644355774

 Computing The Best Response 17: 

Precomputing precise mean with 20000 particles...
Generating data_OC (ThreadPool, N=512)...
16 workers will be used.

Generated 147259 data from 512/512 BVP solutions in 407.1 sec
  → Speed: 1.3 BVP/sec, 362 points/sec

Approximate solution of BVP 

Iteration 0: Loss_V = 5.8042e-02, Loss_V_x = 3.3206e-03, Loss_HJB = 1.3917e+00, Loss_total = 2.0053e-01
Iteration 1000: Loss_V = 1.5916e-03, Loss_V_x = 4.0035e-03, Loss_HJB = 7.7421e-04, Loss_total = 5.6725e-03
Iteration 2000: Loss_V = 1.1258e-03, Loss_V_x = 3.6357e-03, Loss_HJB = 6.3332e-04, Loss_total = 4.8248e-03
Iteration 3000: Loss_V = 1.1234e-03, Loss_V_x = 3.3802e-03, Loss_HJB = 1.9466e-03, Loss_total = 4.6983e-03
Iteration 4000: Loss_V = 6.8377e-04, Loss_V_x = 3.2781e-03, Loss_HJB = 4.4010e-04, Loss_total = 4.0059e-03
Iteration 5000: Loss_V = 7.9873e-03, Loss_V_x = 3.0569e-03, Loss_HJB = 3.0192e-02, Loss_total = 1.4063e-02


Generating data_MFG...
Generated 10752 data from 512 IVP solutions in 15.3 sec 

Iteration 0:  Loss_G = 3.1811e-04,  Loss_ODE = 2.6020e-03,  Loss_total = 5.7831e-04
Iteration 1000:  Loss_G = 4.2942e-05,  Loss_ODE = 9.9038e-04,  Loss_total = 1.4198e-04
Iteration 2000:  Loss_G = 4.0287e-05,  Loss_ODE = 8.9872e-04,  Loss_total = 1.3016e-04
Iteration 3000:  Loss_G = 3.8872e-05,  Loss_ODE = 8.6490e-04,  Loss_total = 1.2536e-04


Time t = 0.0
  Relative L2 Error    = 2.6371e-02
  Relative Linf Error  = 7.1831e-02

Time t = 0.5
  Relative L2 Error    = 2.4511e-02
  Relative Linf Error  = 7.0125e-02

Time t = 1.0
  Relative L2 Error    = 0.0000e+00
  Relative Linf Error  = 0.0000e+00

k 17 │ L1=2.937e-01 │ L2=6.703e-02 │ L∞=1.698e-02

Find alpha1

Precomputing precise mean with 20000 particles...
Generating data_OC (ThreadPool, N=512)...
16 workers will be used.

Generated 163975 data from 512/512 BVP solutions in 510.3 sec
  → Speed: 1.0 BVP/sec, 321 points/sec

Approximate solution of BVP 

Iteration 0: Loss_V = 8.0845e-02, Loss_V_x = 4.8884e-03, Loss_total = 8.5733e-02
Iteration 1000: Loss_V = 2.5978e-03, Loss_V_x = 4.5177e-03, Loss_total = 7.1156e-03
Iteration 2000: Loss_V = 1.2235e-03, Loss_V_x = 3.9858e-03, Loss_total = 5.2092e-03
Iteration 3000: Loss_V = 9.5032e-04, Loss_V_x = 3.6727e-03, Loss_total = 4.6230e-03
Iteration 4000: Loss_V = 7.7300e-04, Loss_V_x = 3.4515e-03, Loss_total = 4.2245e-03
Iteration 5000: Loss_V = 6.1718e-04, Loss_V_x = 3.2795e-03, Loss_total = 3.8967e-03


The Exploitibility is : 1.2016626596450806

 Computing The Best Response 18: 

Precomputing precise mean with 20000 particles...
Generating data_OC (ThreadPool, N=512)...
16 workers will be used.

Generated 145640 data from 512/512 BVP solutions in 405.2 sec
  → Speed: 1.3 BVP/sec, 359 points/sec

Approximate solution of BVP 

Iteration 0: Loss_V = 7.5962e-02, Loss_V_x = 3.6427e-03, Loss_HJB = 1.4970e+00, Loss_total = 2.2931e-01
Iteration 1000: Loss_V = 1.5131e-03, Loss_V_x = 3.8650e-03, Loss_HJB = 8.5044e-04, Loss_total = 5.4631e-03
Iteration 2000: Loss_V = 1.0410e-03, Loss_V_x = 3.4434e-03, Loss_HJB = 5.0821e-04, Loss_total = 4.5353e-03
Iteration 3000: Loss_V = 1.0322e-03, Loss_V_x = 3.2588e-03, Loss_HJB = 2.3219e-03, Loss_total = 4.5232e-03
Iteration 4000: Loss_V = 1.4378e-03, Loss_V_x = 3.0203e-03, Loss_HJB = 3.3508e-03, Loss_total = 4.7932e-03
Iteration 5000: Loss_V = 3.1128e-03, Loss_V_x = 2.5892e-03, Loss_HJB = 7.8289e-03, Loss_total = 6.4849e-03


Generating data_MFG...
Generated 10752 data from 512 IVP solutions in 15.3 sec 

Iteration 0:  Loss_G = 2.9411e-04,  Loss_ODE = 2.5043e-03,  Loss_total = 5.4454e-04
Iteration 1000:  Loss_G = 4.2069e-05,  Loss_ODE = 9.7480e-04,  Loss_total = 1.3955e-04
Iteration 2000:  Loss_G = 3.8527e-05,  Loss_ODE = 8.7502e-04,  Loss_total = 1.2603e-04
Iteration 3000:  Loss_G = 3.7077e-05,  Loss_ODE = 8.3402e-04,  Loss_total = 1.2048e-04


Time t = 0.0
  Relative L2 Error    = 2.2847e-02
  Relative Linf Error  = 6.2043e-02

Time t = 0.5
  Relative L2 Error    = 2.1399e-02
  Relative Linf Error  = 5.7165e-02

Time t = 1.0
  Relative L2 Error    = 0.0000e+00
  Relative Linf Error  = 0.0000e+00

k 18 │ L1=2.740e-01 │ L2=6.257e-02 │ L∞=1.587e-02

Find alpha1

Precomputing precise mean with 20000 particles...
Generating data_OC (ThreadPool, N=512)...
16 workers will be used.

Generated 154316 data from 512/512 BVP solutions in 465.2 sec
  → Speed: 1.1 BVP/sec, 332 points/sec

Approximate solution of BVP 

Iteration 0: Loss_V = 7.5648e-02, Loss_V_x = 4.6653e-03, Loss_total = 8.0313e-02
Iteration 1000: Loss_V = 1.9539e-03, Loss_V_x = 4.4549e-03, Loss_total = 6.4088e-03
Iteration 2000: Loss_V = 1.1752e-03, Loss_V_x = 3.8953e-03, Loss_total = 5.0704e-03
Iteration 3000: Loss_V = 8.0472e-04, Loss_V_x = 3.5699e-03, Loss_total = 4.3746e-03
Iteration 4000: Loss_V = 2.2193e-03, Loss_V_x = 3.3528e-03, Loss_total = 5.5721e-03
Iteration 5000: Loss_V = 6.8917e-04, Loss_V_x = 3.1697e-03, Loss_total = 3.8589e-03


The Exploitibility is : 1.2452940344810486

 Computing The Best Response 19: 

Precomputing precise mean with 20000 particles...
Generating data_OC (ThreadPool, N=512)...
16 workers will be used.

Generated 143950 data from 512/512 BVP solutions in 398.7 sec
  → Speed: 1.3 BVP/sec, 361 points/sec

Approximate solution of BVP 

Iteration 0: Loss_V = 6.1501e-02, Loss_V_x = 2.9837e-03, Loss_HJB = 1.4418e+00, Loss_total = 2.0867e-01
Iteration 1000: Loss_V = 1.4615e-03, Loss_V_x = 3.5836e-03, Loss_HJB = 7.3234e-04, Loss_total = 5.1184e-03
Iteration 2000: Loss_V = 4.7652e-03, Loss_V_x = 3.1082e-03, Loss_HJB = 1.5751e-02, Loss_total = 9.4485e-03
Iteration 3000: Loss_V = 7.2895e-04, Loss_V_x = 2.6129e-03, Loss_HJB = 3.9945e-04, Loss_total = 3.3818e-03
Iteration 4000: Loss_V = 1.4897e-03, Loss_V_x = 2.9888e-03, Loss_HJB = 3.1663e-03, Loss_total = 4.7952e-03
Iteration 5000: Loss_V = 1.2864e-03, Loss_V_x = 2.5624e-03, Loss_HJB = 4.0709e-03, Loss_total = 4.2559e-03


Generating data_MFG...
Generated 10752 data from 512 IVP solutions in 15.5 sec 

Iteration 0:  Loss_G = 2.6725e-04,  Loss_ODE = 2.4081e-03,  Loss_total = 5.0806e-04
Iteration 1000:  Loss_G = 4.1170e-05,  Loss_ODE = 9.5589e-04,  Loss_total = 1.3676e-04
Iteration 2000:  Loss_G = 3.8567e-05,  Loss_ODE = 8.5533e-04,  Loss_total = 1.2410e-04
Iteration 3000:  Loss_G = 3.7116e-05,  Loss_ODE = 8.4302e-04,  Loss_total = 1.2142e-04


Time t = 0.0
  Relative L2 Error    = 2.3345e-02
  Relative Linf Error  = 1.2538e-01

Time t = 0.5
  Relative L2 Error    = 2.2063e-02
  Relative Linf Error  = 1.1462e-01

Time t = 1.0
  Relative L2 Error    = 0.0000e+00
  Relative Linf Error  = 0.0000e+00

k 19 │ L1=2.728e-01 │ L2=6.227e-02 │ L∞=1.583e-02

Find alpha1

Precomputing precise mean with 20000 particles...
Generating data_OC (ThreadPool, N=512)...
16 workers will be used.

Generated 159739 data from 512/512 BVP solutions in 471.3 sec
  → Speed: 1.1 BVP/sec, 339 points/sec

Approximate solution of BVP 

Iteration 0: Loss_V = 6.9056e-02, Loss_V_x = 4.5497e-03, Loss_total = 7.3606e-02
Iteration 1000: Loss_V = 1.9724e-03, Loss_V_x = 4.1965e-03, Loss_total = 6.1689e-03
Iteration 2000: Loss_V = 2.3727e-03, Loss_V_x = 3.7375e-03, Loss_total = 6.1102e-03
Iteration 3000: Loss_V = 1.4220e-03, Loss_V_x = 3.4526e-03, Loss_total = 4.8746e-03
Iteration 4000: Loss_V = 9.1102e-04, Loss_V_x = 3.2542e-03, Loss_total = 4.1652e-03
Iteration 5000: Loss_V = 1.0195e-03, Loss_V_x = 3.0938e-03, Loss_total = 4.1133e-03


The Exploitibility is : 1.1766802668571472
